
**** Build of configuration Debug for project Cworking_Memory_Allocator ****

make all 
make: Nie ma nic do zrobienia w `all'.

**** Build Finished ****

**** Build of configuration Default for project Cworking_Interfaces_C ****

make all 
make: Nie ma nic do zrobienia w `all'.

**** Build Finished ****

**** Build of configuration Default for project Cworking_Interfaces_C++ ****

make all 
make: Nie ma nic do zrobienia w `all'.

**** Build Finished ****

**** Build of configuration Default for project Cworking_Macros_C ****

make all 
make: Nie ma nic do zrobienia w `all'.

**** Build Finished ****

**** Rebuild of configuration Debug for project Cworking_Memory_Allocator ****

**** Internal Builder is used for build               ****
gcc -DDEBUG_MODE -I/home/kamil/workspace/Cworking/Cworking_Memory_Allocator/Headers -O0 -g3 -pedantic -Wall -c -fmessage-length=0 -o Sources/CW_Memory_Allocator_Main.o ../Sources/CW_Memory_Allocator_Main.c
In file included from /home/kamil/workspace/Cworking/Cworking_Memory_Allocator/Headers/CW_Memory_Allocator_Main.h:12:0,
                 from ../Sources/CW_Memory_Allocator_Main.c:1:
/home/kamil/workspace/Cworking/Cworking_Memory_Allocator/Headers/CW_Memory_Allocator_Definitions.h:19:30: warning: anonymous variadic macros were introduced in C99 [-Wvariadic-macros]
gcc -DDEBUG_MODE -I/home/kamil/workspace/Cworking/Cworking_Memory_Allocator/Headers -O0 -g3 -pedantic -Wall -c -fmessage-length=0 -o Sources/CW_Memory_Allocator_Memory_Management.o ../Sources/CW_Memory_Allocator_Memory_Management.c
In file included from /home/kamil/workspace/Cworking/Cworking_Memory_Allocator/Headers/CW_Memory_Allocator_Memory_Management.h:13:0,
                 from ../Sources/CW_Memory_Allocator_Memory_Management.c:1:
/home/kamil/workspace/Cworking/Cworking_Memory_Allocator/Headers/CW_Memory_Allocator_Definitions.h:19:30: warning: anonymous variadic macros were introduced in C99 [-Wvariadic-macros]
gcc -o Cworking_Memory_Allocator Sources/CW_Memory_Allocator_Memory_Management.o Sources/CW_Memory_Allocator_Main.o
Build complete for project Cworking_Memory_Allocator
Time consumed: 243  ms.  

**** Build of configuration Debug for project Cworking_Memory_Allocator ****

**** Internal Builder is used for build               ****
Nothing to build for Cworking_Memory_Allocator

**** Build of configuration Debug for project Cworking_Memory_Allocator ****

**** Internal Builder is used for build               ****
Nothing to build for Cworking_Memory_Allocator

**** Build of configuration Debug for project Cworking_Memory_Allocator ****

**** Internal Builder is used for build               ****
Nothing to build for Cworking_Memory_Allocator

**** Build of configuration Default for project Cworking_Interfaces_C ****

make all 
make: Nie ma nic do zrobienia w `all'.

**** Build Finished ****

**** Build of configuration Default for project Cworking_Interfaces_C++ ****

make all 
make: Nie ma nic do zrobienia w `all'.

**** Build Finished ****

**** Build of configuration Default for project Cworking_Macros_C ****

make all 
make: Nie ma nic do zrobienia w `all'.

**** Build Finished ****

**** Build of configuration Debug for project Cworking_Memory_Allocator ****

**** Internal Builder is used for build               ****
gcc -DDEBUG_MODE -I/home/kamil/workspace/Cworking/Cworking_Memory_Allocator/Headers -O0 -g3 -pedantic -Wall -c -fmessage-length=0 -o Sources/CW_Memory_Allocator_Main.o ../Sources/CW_Memory_Allocator_Main.c
In file included from /home/kamil/workspace/Cworking/Cworking_Memory_Allocator/Headers/CW_Memory_Allocator_Main.h:12:0,
                 from ../Sources/CW_Memory_Allocator_Main.c:1:
/home/kamil/workspace/Cworking/Cworking_Memory_Allocator/Headers/CW_Memory_Allocator_Definitions.h:19:30: warning: anonymous variadic macros were introduced in C99 [-Wvariadic-macros]
gcc -o Cworking_Memory_Allocator Sources/CW_Memory_Allocator_Memory_Management.o Sources/CW_Memory_Allocator_Main.o
Build complete for project Cworking_Memory_Allocator
Time consumed: 160  ms.  

**** Build of configuration Debug for project Cworking_Memory_Allocator ****

**** Internal Builder is used for build               ****
Nothing to build for Cworking_Memory_Allocator

**** Build of configuration Debug for project Cworking_Memory_Allocator ****

**** Internal Builder is used for build               ****
Nothing to build for Cworking_Memory_Allocator

**** Build of configuration Debug for project Cworking_Memory_Allocator ****

**** Internal Builder is used for build               ****
gcc -DDEBUG_MODE -I/home/kamil/workspace/Cworking/Cworking_Memory_Allocator/Headers -O0 -g3 -pedantic -Wall -c -fmessage-length=0 -o Sources/CW_Memory_Allocator_Main.o ../Sources/CW_Memory_Allocator_Main.c
In file included from /home/kamil/workspace/Cworking/Cworking_Memory_Allocator/Headers/CW_Memory_Allocator_Main.h:12:0,
                 from ../Sources/CW_Memory_Allocator_Main.c:1:
/home/kamil/workspace/Cworking/Cworking_Memory_Allocator/Headers/CW_Memory_Allocator_Definitions.h:19:30: warning: anonymous variadic macros were introduced in C99 [-Wvariadic-macros]
gcc -o Cworking_Memory_Allocator Sources/CW_Memory_Allocator_Memory_Management.o Sources/CW_Memory_Allocator_Main.o
Build complete for project Cworking_Memory_Allocator
Time consumed: 146  ms.  

**** Build of configuration Default for project Cworking_Interfaces_C ****

make all 
make: Nie ma nic do zrobienia w `all'.

**** Build Finished ****

**** Build of configuration Default for project Cworking_Interfaces_C++ ****

make all 
make: Nie ma nic do zrobienia w `all'.

**** Build Finished ****

**** Build of configuration Default for project Cworking_Macros_C ****

make all 
make: Nie ma nic do zrobienia w `all'.

**** Build Finished ****

**** Build of configuration Debug for project Cworking_Memory_Allocator ****

make all 
Building target: Cworking_Memory_Allocator
Invoking: GCC C Linker
gcc  -o "Cworking_Memory_Allocator"  ./Sources/CW_Memory_Allocator_Main.o ./Sources/CW_Memory_Allocator_Memory_Management.o   
Finished building target: Cworking_Memory_Allocator
 

**** Build Finished ****

**** Build of configuration Debug for project Cworking_Memory_Allocator ****

make all 
make: Nie ma nic do zrobienia w `all'.

**** Build Finished ****

**** Build of configuration Debug for project Cworking_Memory_Allocator ****

make all 
make: Nie ma nic do zrobienia w `all'.

**** Build Finished ****

**** Build of configuration Debug for project Cworking_Memory_Allocator ****

make all 
make: Nie ma nic do zrobienia w `all'.

**** Build Finished ****

**** Build of configuration Default for project Cworking_Interfaces_C ****

make all 
make: Nie ma nic do zrobienia w `all'.

**** Build Finished ****

**** Build of configuration Default for project Cworking_Interfaces_C++ ****

make all 
make: Nie ma nic do zrobienia w `all'.

**** Build Finished ****

**** Build of configuration Default for project Cworking_Macros_C ****

make all 
make: Nie ma nic do zrobienia w `all'.

**** Build Finished ****

**** Build of configuration Debug for project Cworking_Memory_Allocator ****

make all 
Building file: ../Sources/CW_Memory_Allocator_Main.c
Invoking: GCC C Compiler
gcc -DDEBUG_MODE -I"/home/kamil/workspace/Cworking/Cworking_Memory_Allocator/Headers" -O0 -g3 -pedantic -Wall -c -fmessage-length=0 -MMD -MP -MF"Sources/CW_Memory_Allocator_Main.d" -MT"Sources/CW_Memory_Allocator_Main.d" -o "Sources/CW_Memory_Allocator_Main.o" "../Sources/CW_Memory_Allocator_Main.c"
Finished building: ../Sources/CW_Memory_Allocator_Main.c
In file included from /home/kamil/workspace/Cworking/Cworking_Memory_Allocator/Headers/CW_Memory_Allocator_Main.h:12:0,
 
                 from ../Sources/CW_Memory_Allocator_Main.c:1:
Building target: Cworking_Memory_Allocator
Invoking: GCC C Linker
gcc  -o "Cworking_Memory_Allocator"  ./Sources/CW_Memory_Allocator_Main.o ./Sources/CW_Memory_Allocator_Memory_Management.o   
/home/kamil/workspace/Cworking/Cworking_Memory_Allocator/Headers/CW_Memory_Allocator_Definitions.h:19:30: warning: anonymous variadic macros were introduced in C99 [-Wvariadic-macros]
Finished building target: Cworking_Memory_Allocator
 

**** Build Finished ****

**** Build of configuration Debug for project Cworking_Memory_Allocator ****

make all 
make: Nie ma nic do zrobienia w `all'.

**** Build Finished ****

**** Build of configuration Default for project Cworking_Interfaces_C ****

make all 
make: Nie ma nic do zrobienia w `all'.

**** Build Finished ****

**** Build of configuration Default for project Cworking_Interfaces_C++ ****

make all 
make: Nie ma nic do zrobienia w `all'.

**** Build Finished ****

**** Build of configuration Default for project Cworking_Macros_C ****

make all 
make: Nie ma nic do zrobienia w `all'.

**** Build Finished ****

**** Build of configuration Debug for project Cworking_Memory_Allocator ****

make all 
Building file: ../Sources/CW_Memory_Allocator_Main.c
Invoking: GCC C Compiler
gcc -DDEBUG_MODE -I"/home/kamil/workspace/Cworking/Cworking_Memory_Allocator/Headers" -O0 -g3 -pedantic -Wall -c -fmessage-length=0 -MMD -MP -MF"Sources/CW_Memory_Allocator_Main.d" -MT"Sources/CW_Memory_Allocator_Main.d" -o "Sources/CW_Memory_Allocator_Main.o" "../Sources/CW_Memory_Allocator_Main.c"
In file included from /home/kamil/workspace/Cworking/Cworking_Memory_Allocator/Headers/CW_Memory_Allocator_Main.h:12:0,
                 from ../Sources/CW_Memory_Allocator_Main.c:1:
Finished building: ../Sources/CW_Memory_Allocator_Main.c
 
/home/kamil/workspace/Cworking/Cworking_Memory_Allocator/Headers/CW_Memory_Allocator_Definitions.h:19:30: warning: anonymous variadic macros were introduced in C99 [-Wvariadic-macros]
Building target: Cworking_Memory_Allocator
Invoking: GCC C Linker
gcc  -o "Cworking_Memory_Allocator"  ./Sources/CW_Memory_Allocator_Main.o ./Sources/CW_Memory_Allocator_Memory_Management.o   
Finished building target: Cworking_Memory_Allocator
 

**** Build Finished ****

**** Build of configuration Debug for project Cworking_Memory_Allocator ****

make all 
make: Nie ma nic do zrobienia w `all'.

**** Build Finished ****

**** Build of configuration Debug for project Cworking_Memory_Allocator ****

make all 
Building file: ../Sources/CW_Memory_Allocator_Main.c
Invoking: GCC C Compiler
gcc -DDEBUG_MODE -I"/home/kamil/workspace/Cworking/Cworking_Memory_Allocator/Headers" -O0 -g3 -pedantic -Wall -c -fmessage-length=0 -MMD -MP -MF"Sources/CW_Memory_Allocator_Main.d" -MT"Sources/CW_Memory_Allocator_Main.d" -o "Sources/CW_Memory_Allocator_Main.o" "../Sources/CW_Memory_Allocator_Main.c"
Finished building: ../Sources/CW_Memory_Allocator_Main.c
 
In file included from /home/kamil/workspace/Cworking/Cworking_Memory_Allocator/Headers/CW_Memory_Allocator_Main.h:12:0,
                 from ../Sources/CW_Memory_Allocator_Main.c:1:
Building target: Cworking_Memory_Allocator
Invoking: GCC C Linker
gcc  -o "Cworking_Memory_Allocator"  ./Sources/CW_Memory_Allocator_Main.o ./Sources/CW_Memory_Allocator_Memory_Management.o   
/home/kamil/workspace/Cworking/Cworking_Memory_Allocator/Headers/CW_Memory_Allocator_Definitions.h:19:30: warning: anonymous variadic macros were introduced in C99 [-Wvariadic-macros]
Finished building target: Cworking_Memory_Allocator
../Sources/CW_Memory_Allocator_Main.c: In function ‘main’:
 
../Sources/CW_Memory_Allocator_Main.c:16:15: warning: unused variable ‘array’ [-Wunused-variable]
../Sources/CW_Memory_Allocator_Main.c:13:15: warning: unused variable ‘cw_block’ [-Wunused-variable]

**** Build Finished ****

**** Build of configuration Debug for project Cworking_Memory_Allocator ****

make all 
Building file: ../Sources/CW_Memory_Allocator_Main.c
Invoking: GCC C Compiler
gcc -DDEBUG_MODE -I"/home/kamil/workspace/Cworking/Cworking_Memory_Allocator/Headers" -O0 -g3 -pedantic -Wall -c -fmessage-length=0 -MMD -MP -MF"Sources/CW_Memory_Allocator_Main.d" -MT"Sources/CW_Memory_Allocator_Main.d" -o "Sources/CW_Memory_Allocator_Main.o" "../Sources/CW_Memory_Allocator_Main.c"
In file included from /home/kamil/workspace/Cworking/Cworking_Memory_Allocator/Headers/CW_Memory_Allocator_Main.h:12:0,
Finished building: ../Sources/CW_Memory_Allocator_Main.c
 
                 from ../Sources/CW_Memory_Allocator_Main.c:1:
Building target: Cworking_Memory_Allocator
Invoking: GCC C Linker
gcc  -o "Cworking_Memory_Allocator"  ./Sources/CW_Memory_Allocator_Main.o ./Sources/CW_Memory_Allocator_Memory_Management.o   
Finished building target: Cworking_Memory_Allocator
 
/home/kamil/workspace/Cworking/Cworking_Memory_Allocator/Headers/CW_Memory_Allocator_Definitions.h:19:30: warning: anonymous variadic macros were introduced in C99 [-Wvariadic-macros]

**** Build Finished ****

**** Build of configuration Debug for project Cworking_Memory_Allocator ****

make all 
make: Nie ma nic do zrobienia w `all'.

**** Build Finished ****

**** Build of configuration Default for project Cworking_Interfaces_C ****

make all 
make: Nie ma nic do zrobienia w `all'.

**** Build Finished ****

**** Build of configuration Default for project Cworking_Interfaces_C++ ****

make all 
make: Nie ma nic do zrobienia w `all'.

**** Build Finished ****

**** Build of configuration Default for project Cworking_Macros_C ****

make all 
make: Nie ma nic do zrobienia w `all'.

**** Build Finished ****

**** Build of configuration Debug for project Cworking_Memory_Allocator ****

make all 
Building file: ../Sources/CW_Memory_Allocator_Main.c
Invoking: GCC C Compiler
gcc -DDEBUG_MODE -I"/home/kamil/workspace/Cworking/Cworking_Memory_Allocator/Headers" -O0 -g3 -pedantic -Wall -c -fmessage-length=0 -MMD -MP -MF"Sources/CW_Memory_Allocator_Main.d" -MT"Sources/CW_Memory_Allocator_Main.d" -o "Sources/CW_Memory_Allocator_Main.o" "../Sources/CW_Memory_Allocator_Main.c"
In file included from /home/kamil/workspace/Cworking/Cworking_Memory_Allocator/Headers/CW_Memory_Allocator_Main.h:12:0,
                 from ../Sources/CW_Memory_Allocator_Main.c:1:
Finished building: ../Sources/CW_Memory_Allocator_Main.c
/home/kamil/workspace/Cworking/Cworking_Memory_Allocator/Headers/CW_Memory_Allocator_Definitions.h:19:30: warning: anonymous variadic macros were introduced in C99 [-Wvariadic-macros]
 
Building target: Cworking_Memory_Allocator
Invoking: GCC C Linker
gcc  -o "Cworking_Memory_Allocator"  ./Sources/CW_Memory_Allocator_Main.o ./Sources/CW_Memory_Allocator_Memory_Management.o   
Finished building target: Cworking_Memory_Allocator
 
../Sources/CW_Memory_Allocator_Main.c: In function ‘main’:
../Sources/CW_Memory_Allocator_Main.c:16:15: warning: unused variable ‘array’ [-Wunused-variable]

**** Build Finished ****

**** Build of configuration Debug for project Cworking_Memory_Allocator ****

make all 
make: Nie ma nic do zrobienia w `all'.

**** Build Finished ****

**** Build of configuration Debug for project Cworking_Memory_Allocator ****

make all 
make: Nie ma nic do zrobienia w `all'.

**** Build Finished ****

**** Build of configuration Default for project Cworking_Interfaces_C ****

make all 
make: Nie ma nic do zrobienia w `all'.

**** Build Finished ****

**** Build of configuration Default for project Cworking_Interfaces_C++ ****

make all 
make: Nie ma nic do zrobienia w `all'.

**** Build Finished ****

**** Build of configuration Default for project Cworking_Macros_C ****

make all 
make: Nie ma nic do zrobienia w `all'.

**** Build Finished ****

**** Build of configuration Debug for project Cworking_Memory_Allocator ****

make all 
Building file: ../Sources/CW_Memory_Allocator_Main.c
Invoking: GCC C Compiler
gcc -DDEBUG_MODE -I"/home/kamil/workspace/Cworking/Cworking_Memory_Allocator/Headers" -O0 -g3 -pedantic -Wall -c -fmessage-length=0 -MMD -MP -MF"Sources/CW_Memory_Allocator_Main.d" -MT"Sources/CW_Memory_Allocator_Main.d" -o "Sources/CW_Memory_Allocator_Main.o" "../Sources/CW_Memory_Allocator_Main.c"
In file included from /home/kamil/workspace/Cworking/Cworking_Memory_Allocator/Headers/CW_Memory_Allocator_Main.h:12:0,
Finished building: ../Sources/CW_Memory_Allocator_Main.c
 
                 from ../Sources/CW_Memory_Allocator_Main.c:1:
Building target: Cworking_Memory_Allocator
Invoking: GCC C Linker
gcc  -o "Cworking_Memory_Allocator"  ./Sources/CW_Memory_Allocator_Main.o ./Sources/CW_Memory_Allocator_Memory_Management.o   
/home/kamil/workspace/Cworking/Cworking_Memory_Allocator/Headers/CW_Memory_Allocator_Definitions.h:19:30: warning: anonymous variadic macros were introduced in C99 [-Wvariadic-macros]
Finished building target: Cworking_Memory_Allocator
 
../Sources/CW_Memory_Allocator_Main.c: In function ‘main’:
../Sources/CW_Memory_Allocator_Main.c:16:15: warning: unused variable ‘array’ [-Wunused-variable]

**** Build Finished ****

**** Build of configuration Debug for project Cworking_Memory_Allocator ****

make all 
make: Nie ma nic do zrobienia w `all'.

**** Build Finished ****

**** Build of configuration Default for project Cworking_Interfaces_C ****

make all 
make: Nie ma nic do zrobienia w `all'.

**** Build Finished ****

**** Build of configuration Default for project Cworking_Interfaces_C++ ****

make all 
make: Nie ma nic do zrobienia w `all'.

**** Build Finished ****

**** Build of configuration Default for project Cworking_Macros_C ****

make all 
make: Nie ma nic do zrobienia w `all'.

**** Build Finished ****

**** Build of configuration Debug for project Cworking_Memory_Allocator ****

make all 
Building file: ../Sources/CW_Memory_Allocator_Main.c
Invoking: GCC C Compiler
gcc -DDEBUG_MODE -I"/home/kamil/workspace/Cworking/Cworking_Memory_Allocator/Headers" -O0 -g3 -pedantic -Wall -c -fmessage-length=0 -MMD -MP -MF"Sources/CW_Memory_Allocator_Main.d" -MT"Sources/CW_Memory_Allocator_Main.d" -o "Sources/CW_Memory_Allocator_Main.o" "../Sources/CW_Memory_Allocator_Main.c"
In file included from /home/kamil/workspace/Cworking/Cworking_Memory_Allocator/Headers/CW_Memory_Allocator_Main.h:12:0,
Finished building: ../Sources/CW_Memory_Allocator_Main.c
 
                 from ../Sources/CW_Memory_Allocator_Main.c:1:
Building target: Cworking_Memory_Allocator
Invoking: GCC C Linker
/home/kamil/workspace/Cworking/Cworking_Memory_Allocator/Headers/CW_Memory_Allocator_Definitions.h:19:30: warning: anonymous variadic macros were introduced in C99 [-Wvariadic-macros]
gcc  -o "Cworking_Memory_Allocator"  ./Sources/CW_Memory_Allocator_Main.o ./Sources/CW_Memory_Allocator_Memory_Management.o   
../Sources/CW_Memory_Allocator_Main.c: In function ‘main’:
../Sources/CW_Memory_Allocator_Main.c:16:15: warning: variable ‘array’ set but not used [-Wunused-but-set-variable]
Finished building target: Cworking_Memory_Allocator
 

**** Build Finished ****

**** Build of configuration Debug for project Cworking_Memory_Allocator ****

make all 
make: Nie ma nic do zrobienia w `all'.

**** Build Finished ****

**** Build of configuration Default for project Cworking_Interfaces_C ****

make all 
make: Nie ma nic do zrobienia w `all'.

**** Build Finished ****

**** Build of configuration Default for project Cworking_Interfaces_C++ ****

make all 
make: Nie ma nic do zrobienia w `all'.

**** Build Finished ****

**** Build of configuration Default for project Cworking_Macros_C ****

make all 
make: Nie ma nic do zrobienia w `all'.

**** Build Finished ****

**** Build of configuration Debug for project Cworking_Memory_Allocator ****

make all 
Building file: ../Sources/CW_Memory_Allocator_Main.c
Invoking: GCC C Compiler
gcc -DDEBUG_MODE -I"/home/kamil/workspace/Cworking/Cworking_Memory_Allocator/Headers" -O0 -g3 -pedantic -Wall -c -fmessage-length=0 -MMD -MP -MF"Sources/CW_Memory_Allocator_Main.d" -MT"Sources/CW_Memory_Allocator_Main.d" -o "Sources/CW_Memory_Allocator_Main.o" "../Sources/CW_Memory_Allocator_Main.c"
In file included from /home/kamil/workspace/Cworking/Cworking_Memory_Allocator/Headers/CW_Memory_Allocator_Main.h:12:0,
                 from ../Sources/CW_Memory_Allocator_Main.c:1:
/home/kamil/workspace/Cworking/Cworking_Memory_Allocator/Headers/CW_Memory_Allocator_Definitions.h:19:30: warning: anonymous variadic macros were introduced in C99 [-Wvariadic-macros]
Finished building: ../Sources/CW_Memory_Allocator_Main.c
 
Building target: Cworking_Memory_Allocator
Invoking: GCC C Linker
gcc  -o "Cworking_Memory_Allocator"  ./Sources/CW_Memory_Allocator_Main.o ./Sources/CW_Memory_Allocator_Memory_Management.o   
Finished building target: Cworking_Memory_Allocator
 

**** Build Finished ****

**** Build of configuration Debug for project Cworking_Memory_Allocator ****

make all 
make: Nie ma nic do zrobienia w `all'.

**** Build Finished ****

**** Build of configuration Default for project Cworking_Interfaces_C ****

make all 
make: Nie ma nic do zrobienia w `all'.

**** Build Finished ****

**** Build of configuration Default for project Cworking_Interfaces_C++ ****

make all 
make: Nie ma nic do zrobienia w `all'.

**** Build Finished ****

**** Build of configuration Default for project Cworking_Macros_C ****

make all 
make: Nie ma nic do zrobienia w `all'.

**** Build Finished ****

**** Build of configuration Debug for project Cworking_Memory_Allocator ****

make all 
Building file: ../Sources/CW_Memory_Allocator_Main.c
Invoking: GCC C Compiler
gcc -DDEBUG_MODE -I"/home/kamil/workspace/Cworking/Cworking_Memory_Allocator/Headers" -O0 -g3 -pedantic -Wall -c -fmessage-length=0 -MMD -MP -MF"Sources/CW_Memory_Allocator_Main.d" -MT"Sources/CW_Memory_Allocator_Main.d" -o "Sources/CW_Memory_Allocator_Main.o" "../Sources/CW_Memory_Allocator_Main.c"
In file included from /home/kamil/workspace/Cworking/Cworking_Memory_Allocator/Headers/CW_Memory_Allocator_Main.h:12:0,
                 from ../Sources/CW_Memory_Allocator_Main.c:1:
/home/kamil/workspace/Cworking/Cworking_Memory_Allocator/Headers/CW_Memory_Allocator_Definitions.h:19:30: warning: anonymous variadic macros were introduced in C99 [-Wvariadic-macros]
Finished building: ../Sources/CW_Memory_Allocator_Main.c
 
../Sources/CW_Memory_Allocator_Main.c: In function ‘main’:
../Sources/CW_Memory_Allocator_Main.c:25:3: warning: C++ style comments are not allowed in ISO C90 [enabled by default]
../Sources/CW_Memory_Allocator_Main.c:25:3: warning: (this will be reported only once per input file) [enabled by default]
Building target: Cworking_Memory_Allocator
Invoking: GCC C Linker
gcc  -o "Cworking_Memory_Allocator"  ./Sources/CW_Memory_Allocator_Main.o ./Sources/CW_Memory_Allocator_Memory_Management.o   
Finished building target: Cworking_Memory_Allocator
 

**** Build Finished ****

**** Build of configuration Debug for project Cworking_Memory_Allocator ****

make all 
make: Nie ma nic do zrobienia w `all'.

**** Build Finished ****

**** Build of configuration Default for project Cworking_Interfaces_C ****

make all 
make: Nie ma nic do zrobienia w `all'.

**** Build Finished ****

**** Build of configuration Default for project Cworking_Interfaces_C++ ****

make all 
make: Nie ma nic do zrobienia w `all'.

**** Build Finished ****

**** Build of configuration Default for project Cworking_Macros_C ****

make all 
make: Nie ma nic do zrobienia w `all'.

**** Build Finished ****

**** Build of configuration Debug for project Cworking_Memory_Allocator ****

make all 
Building file: ../Sources/CW_Memory_Allocator_Main.c
Invoking: GCC C Compiler
gcc -DDEBUG_MODE -I"/home/kamil/workspace/Cworking/Cworking_Memory_Allocator/Headers" -O0 -g3 -pedantic -Wall -c -fmessage-length=0 -MMD -MP -MF"Sources/CW_Memory_Allocator_Main.d" -MT"Sources/CW_Memory_Allocator_Main.d" -o "Sources/CW_Memory_Allocator_Main.o" "../Sources/CW_Memory_Allocator_Main.c"
In file included from /home/kamil/workspace/Cworking/Cworking_Memory_Allocator/Headers/CW_Memory_Allocator_Main.h:12:0,
Finished building: ../Sources/CW_Memory_Allocator_Main.c
                 from ../Sources/CW_Memory_Allocator_Main.c:1:
 
/home/kamil/workspace/Cworking/Cworking_Memory_Allocator/Headers/CW_Memory_Allocator_Definitions.h:19:30: warning: anonymous variadic macros were introduced in C99 [-Wvariadic-macros]
Building file: ../Sources/CW_Memory_Allocator_Memory_Management.c
In file included from /home/kamil/workspace/Cworking/Cworking_Memory_Allocator/Headers/CW_Memory_Allocator_Memory_Management.h:13:0,
Invoking: GCC C Compiler
                 from ../Sources/CW_Memory_Allocator_Memory_Management.c:1:
gcc -DDEBUG_MODE -I"/home/kamil/workspace/Cworking/Cworking_Memory_Allocator/Headers" -O0 -g3 -pedantic -Wall -c -fmessage-length=0 -MMD -MP -MF"Sources/CW_Memory_Allocator_Memory_Management.d" -MT"Sources/CW_Memory_Allocator_Memory_Management.d" -o "Sources/CW_Memory_Allocator_Memory_Management.o" "../Sources/CW_Memory_Allocator_Memory_Management.c"
/home/kamil/workspace/Cworking/Cworking_Memory_Allocator/Headers/CW_Memory_Allocator_Definitions.h:19:30: warning: anonymous variadic macros were introduced in C99 [-Wvariadic-macros]
Finished building: ../Sources/CW_Memory_Allocator_Memory_Management.c
 
Building target: Cworking_Memory_Allocator
Invoking: GCC C Linker
gcc  -o "Cworking_Memory_Allocator"  ./Sources/CW_Memory_Allocator_Main.o ./Sources/CW_Memory_Allocator_Memory_Management.o   
Finished building target: Cworking_Memory_Allocator
 

**** Build Finished ****

**** Build of configuration Debug for project Cworking_Memory_Allocator ****

make all 
make: Nie ma nic do zrobienia w `all'.

**** Build Finished ****

**** Build of configuration Default for project Cworking_Interfaces_C ****

make all 
make: Nie ma nic do zrobienia w `all'.

**** Build Finished ****

**** Build of configuration Default for project Cworking_Interfaces_C++ ****

make all 
make: Nie ma nic do zrobienia w `all'.

**** Build Finished ****

**** Build of configuration Default for project Cworking_Macros_C ****

make all 
make: Nie ma nic do zrobienia w `all'.

**** Build Finished ****

**** Build of configuration Debug for project Cworking_Memory_Allocator ****

make all 
Building file: ../Sources/CW_Memory_Allocator_Memory_Management.c
Invoking: GCC C Compiler
gcc -DDEBUG_MODE -I"/home/kamil/workspace/Cworking/Cworking_Memory_Allocator/Headers" -O0 -g3 -pedantic -Wall -c -fmessage-length=0 -MMD -MP -MF"Sources/CW_Memory_Allocator_Memory_Management.d" -MT"Sources/CW_Memory_Allocator_Memory_Management.d" -o "Sources/CW_Memory_Allocator_Memory_Management.o" "../Sources/CW_Memory_Allocator_Memory_Management.c"
In file included from /home/kamil/workspace/Cworking/Cworking_Memory_Allocator/Headers/CW_Memory_Allocator_Memory_Management.h:13:0,
Finished building: ../Sources/CW_Memory_Allocator_Memory_Management.c
 
Building target: Cworking_Memory_Allocator
Invoking: GCC C Linker
gcc  -o "Cworking_Memory_Allocator"  ./Sources/CW_Memory_Allocator_Main.o ./Sources/CW_Memory_Allocator_Memory_Management.o   
                 from ../Sources/CW_Memory_Allocator_Memory_Management.c:1:
/home/kamil/workspace/Cworking/Cworking_Memory_Allocator/Headers/CW_Memory_Allocator_Definitions.h:19:30: warning: anonymous variadic macros were introduced in C99 [-Wvariadic-macros]
Finished building target: Cworking_Memory_Allocator
 

**** Build Finished ****

**** Build of configuration Debug for project Cworking_Memory_Allocator ****

make all 
make: Nie ma nic do zrobienia w `all'.

**** Build Finished ****

**** Build of configuration Default for project Cworking_Interfaces_C ****

make all 
make: Nie ma nic do zrobienia w `all'.

**** Build Finished ****

**** Build of configuration Default for project Cworking_Interfaces_C++ ****

make all 
make: Nie ma nic do zrobienia w `all'.

**** Build Finished ****

**** Build of configuration Default for project Cworking_Macros_C ****

make all 
make: Nie ma nic do zrobienia w `all'.

**** Build Finished ****

**** Build of configuration Debug for project Cworking_Memory_Allocator ****

make all 
Building file: ../Sources/CW_Memory_Allocator_Memory_Management.c
Invoking: GCC C Compiler
gcc -DDEBUG_MODE -I"/home/kamil/workspace/Cworking/Cworking_Memory_Allocator/Headers" -O0 -g3 -pedantic -Wall -c -fmessage-length=0 -MMD -MP -MF"Sources/CW_Memory_Allocator_Memory_Management.d" -MT"Sources/CW_Memory_Allocator_Memory_Management.d" -o "Sources/CW_Memory_Allocator_Memory_Management.o" "../Sources/CW_Memory_Allocator_Memory_Management.c"
In file included from /home/kamil/workspace/Cworking/Cworking_Memory_Allocator/Headers/CW_Memory_Allocator_Memory_Management.h:13:0,
                 from ../Sources/CW_Memory_Allocator_Memory_Management.c:1:
/home/kamil/workspace/Cworking/Cworking_Memory_Allocator/Headers/CW_Memory_Allocator_Definitions.h:19:30: warning: anonymous variadic macros were introduced in C99 [-Wvariadic-macros]
Finished building: ../Sources/CW_Memory_Allocator_Memory_Management.c
 
Building target: Cworking_Memory_Allocator
Invoking: GCC C Linker
gcc  -o "Cworking_Memory_Allocator"  ./Sources/CW_Memory_Allocator_Main.o ./Sources/CW_Memory_Allocator_Memory_Management.o   
Finished building target: Cworking_Memory_Allocator
 

**** Build Finished ****

**** Build of configuration Debug for project Cworking_Memory_Allocator ****

make all 
make: Nie ma nic do zrobienia w `all'.

**** Build Finished ****

**** Build of configuration Default for project Cworking_Interfaces_C ****

make all 
make: Nie ma nic do zrobienia w `all'.

**** Build Finished ****

**** Build of configuration Default for project Cworking_Interfaces_C++ ****

make all 
make: Nie ma nic do zrobienia w `all'.

**** Build Finished ****

**** Build of configuration Default for project Cworking_Macros_C ****

make all 
make: Nie ma nic do zrobienia w `all'.

**** Build Finished ****

**** Build of configuration Debug for project Cworking_Memory_Allocator ****

make all 
Building file: ../Sources/CW_Memory_Allocator_Main.c
Invoking: GCC C Compiler
gcc -DDEBUG_MODE -I"/home/kamil/workspace/Cworking/Cworking_Memory_Allocator/Headers" -O0 -g3 -pedantic -Wall -c -fmessage-length=0 -MMD -MP -MF"Sources/CW_Memory_Allocator_Main.d" -MT"Sources/CW_Memory_Allocator_Main.d" -o "Sources/CW_Memory_Allocator_Main.o" "../Sources/CW_Memory_Allocator_Main.c"
In file included from /home/kamil/workspace/Cworking/Cworking_Memory_Allocator/Headers/CW_Memory_Allocator_Main.h:12:0,
Finished building: ../Sources/CW_Memory_Allocator_Main.c
 
Building target: Cworking_Memory_Allocator
Invoking: GCC C Linker
gcc  -o "Cworking_Memory_Allocator"  ./Sources/CW_Memory_Allocator_Main.o ./Sources/CW_Memory_Allocator_Memory_Management.o   
Finished building target: Cworking_Memory_Allocator
 
                 from ../Sources/CW_Memory_Allocator_Main.c:1:
/home/kamil/workspace/Cworking/Cworking_Memory_Allocator/Headers/CW_Memory_Allocator_Definitions.h:19:30: warning: anonymous variadic macros were introduced in C99 [-Wvariadic-macros]

**** Build Finished ****

**** Build of configuration Debug for project Cworking_Memory_Allocator ****

make all 
make: Nie ma nic do zrobienia w `all'.

**** Build Finished ****

**** Build of configuration Default for project Cworking_Interfaces_C ****

make all 
make: Nie ma nic do zrobienia w `all'.

**** Build Finished ****

**** Build of configuration Default for project Cworking_Interfaces_C++ ****

make all 
make: Nie ma nic do zrobienia w `all'.

**** Build Finished ****

**** Build of configuration Default for project Cworking_Macros_C ****

make all 
make: Nie ma nic do zrobienia w `all'.

**** Build Finished ****

**** Build of configuration Debug for project Cworking_Memory_Allocator ****

make all 
Building file: ../Sources/CW_Memory_Allocator_Main.c
Invoking: GCC C Compiler
gcc -DDEBUG_MODE -I"/home/kamil/workspace/Cworking/Cworking_Memory_Allocator/Headers" -O0 -g3 -pedantic -Wall -c -fmessage-length=0 -MMD -MP -MF"Sources/CW_Memory_Allocator_Main.d" -MT"Sources/CW_Memory_Allocator_Main.d" -o "Sources/CW_Memory_Allocator_Main.o" "../Sources/CW_Memory_Allocator_Main.c"
In file included from /home/kamil/workspace/Cworking/Cworking_Memory_Allocator/Headers/CW_Memory_Allocator_Main.h:12:0,
                 from ../Sources/CW_Memory_Allocator_Main.c:1:
Finished building: ../Sources/CW_Memory_Allocator_Main.c
/home/kamil/workspace/Cworking/Cworking_Memory_Allocator/Headers/CW_Memory_Allocator_Definitions.h:19:30: warning: anonymous variadic macros were introduced in C99 [-Wvariadic-macros]
 
../Sources/CW_Memory_Allocator_Main.c: In function ‘main’:
Building target: Cworking_Memory_Allocator
Invoking: GCC C Linker
../Sources/CW_Memory_Allocator_Main.c:28:31: warning: ISO C99 requires rest arguments to be used [enabled by default]
gcc  -o "Cworking_Memory_Allocator"  ./Sources/CW_Memory_Allocator_Main.o ./Sources/CW_Memory_Allocator_Memory_Management.o   
../Sources/CW_Memory_Allocator_Main.c:28:31: warning: invoking macro LOG argument 3: empty macro arguments are undefined in ISO C90 and ISO C++98 [enabled by default]
Finished building target: Cworking_Memory_Allocator
 

**** Build Finished ****

**** Build of configuration Debug for project Cworking_Memory_Allocator ****

make all 
make: Nie ma nic do zrobienia w `all'.

**** Build Finished ****

**** Build of configuration Default for project Cworking_Interfaces_C ****

make all 
make: Nie ma nic do zrobienia w `all'.

**** Build Finished ****

**** Build of configuration Default for project Cworking_Interfaces_C++ ****

make all 
make: Nie ma nic do zrobienia w `all'.

**** Build Finished ****

**** Build of configuration Default for project Cworking_Macros_C ****

make all 
make: Nie ma nic do zrobienia w `all'.

**** Build Finished ****

**** Build of configuration Debug for project Cworking_Memory_Allocator ****

make all 
Building file: ../Sources/CW_Memory_Allocator_Main.c
Invoking: GCC C Compiler
gcc -DDEBUG_MODE -I"/home/kamil/workspace/Cworking/Cworking_Memory_Allocator/Headers" -O0 -g3 -pedantic -Wall -c -fmessage-length=0 -MMD -MP -MF"Sources/CW_Memory_Allocator_Main.d" -MT"Sources/CW_Memory_Allocator_Main.d" -o "Sources/CW_Memory_Allocator_Main.o" "../Sources/CW_Memory_Allocator_Main.c"
In file included from /home/kamil/workspace/Cworking/Cworking_Memory_Allocator/Headers/CW_Memory_Allocator_Main.h:12:0,
Finished building: ../Sources/CW_Memory_Allocator_Main.c
 
Building file: ../Sources/CW_Memory_Allocator_Memory_Management.c
Invoking: GCC C Compiler
                 from ../Sources/CW_Memory_Allocator_Main.c:1:
gcc -DDEBUG_MODE -I"/home/kamil/workspace/Cworking/Cworking_Memory_Allocator/Headers" -O0 -g3 -pedantic -Wall -c -fmessage-length=0 -MMD -MP -MF"Sources/CW_Memory_Allocator_Memory_Management.d" -MT"Sources/CW_Memory_Allocator_Memory_Management.d" -o "Sources/CW_Memory_Allocator_Memory_Management.o" "../Sources/CW_Memory_Allocator_Memory_Management.c"
/home/kamil/workspace/Cworking/Cworking_Memory_Allocator/Headers/CW_Memory_Allocator_Definitions.h:20:30: warning: anonymous variadic macros were introduced in C99 [-Wvariadic-macros]
Finished building: ../Sources/CW_Memory_Allocator_Memory_Management.c
 
Building target: Cworking_Memory_Allocator
Invoking: GCC C Linker
gcc  -o "Cworking_Memory_Allocator"  ./Sources/CW_Memory_Allocator_Main.o ./Sources/CW_Memory_Allocator_Memory_Management.o   
In file included from /home/kamil/workspace/Cworking/Cworking_Memory_Allocator/Headers/CW_Memory_Allocator_Memory_Management.h:13:0,
Finished building target: Cworking_Memory_Allocator
 
                 from ../Sources/CW_Memory_Allocator_Memory_Management.c:1:
/home/kamil/workspace/Cworking/Cworking_Memory_Allocator/Headers/CW_Memory_Allocator_Definitions.h:20:30: warning: anonymous variadic macros were introduced in C99 [-Wvariadic-macros]

**** Build Finished ****

**** Build of configuration Debug for project Cworking_Memory_Allocator ****

make all 
make: Nie ma nic do zrobienia w `all'.

**** Build Finished ****

**** Build of configuration Default for project Cworking_Interfaces_C ****

make all 
make: Nie ma nic do zrobienia w `all'.

**** Build Finished ****

**** Build of configuration Default for project Cworking_Interfaces_C++ ****

make all 
make: Nie ma nic do zrobienia w `all'.

**** Build Finished ****

**** Build of configuration Default for project Cworking_Macros_C ****

make all 
make: Nie ma nic do zrobienia w `all'.

**** Build Finished ****

**** Build of configuration Debug for project Cworking_Memory_Allocator ****

make all 
Building file: ../Sources/CW_Memory_Allocator_Main.c
Invoking: GCC C Compiler
gcc -DDEBUG_MODE -I"/home/kamil/workspace/Cworking/Cworking_Memory_Allocator/Headers" -O0 -g3 -pedantic -Wall -c -fmessage-length=0 -MMD -MP -MF"Sources/CW_Memory_Allocator_Main.d" -MT"Sources/CW_Memory_Allocator_Main.d" -o "Sources/CW_Memory_Allocator_Main.o" "../Sources/CW_Memory_Allocator_Main.c"
Finished building: ../Sources/CW_Memory_Allocator_Main.c
 
Building target: Cworking_Memory_Allocator
In file included from /home/kamil/workspace/Cworking/Cworking_Memory_Allocator/Headers/CW_Memory_Allocator_Main.h:12:0,
Invoking: GCC C Linker
                 from ../Sources/CW_Memory_Allocator_Main.c:1:
gcc  -o "Cworking_Memory_Allocator"  ./Sources/CW_Memory_Allocator_Main.o ./Sources/CW_Memory_Allocator_Memory_Management.o   
/home/kamil/workspace/Cworking/Cworking_Memory_Allocator/Headers/CW_Memory_Allocator_Definitions.h:20:30: warning: anonymous variadic macros were introduced in C99 [-Wvariadic-macros]
Finished building target: Cworking_Memory_Allocator
 

**** Build Finished ****

**** Build of configuration Debug for project Cworking_Memory_Allocator ****

make all 
make: Nie ma nic do zrobienia w `all'.

**** Build Finished ****

**** Build of configuration Debug for project Cworking_Memory_Allocator ****

make all 
Building file: ../Sources/CW_Memory_Allocator_Main.c
Invoking: GCC C Compiler
gcc -DDEBUG_MODE -I"/home/kamil/workspace/Cworking/Cworking_Memory_Allocator/Headers" -O0 -g3 -pedantic -Wall -c -fmessage-length=0 -MMD -MP -MF"Sources/CW_Memory_Allocator_Main.d" -MT"Sources/CW_Memory_Allocator_Main.d" -o "Sources/CW_Memory_Allocator_Main.o" "../Sources/CW_Memory_Allocator_Main.c"
Finished building: ../Sources/CW_Memory_Allocator_Main.c
 
Building target: Cworking_Memory_Allocator
Invoking: GCC C Linker
In file included from /home/kamil/workspace/Cworking/Cworking_Memory_Allocator/Headers/CW_Memory_Allocator_Main.h:12:0,
gcc  -o "Cworking_Memory_Allocator"  ./Sources/CW_Memory_Allocator_Main.o ./Sources/CW_Memory_Allocator_Memory_Management.o   
                 from ../Sources/CW_Memory_Allocator_Main.c:1:
/home/kamil/workspace/Cworking/Cworking_Memory_Allocator/Headers/CW_Memory_Allocator_Definitions.h:20:30: warning: anonymous variadic macros were introduced in C99 [-Wvariadic-macros]
Finished building target: Cworking_Memory_Allocator
 

**** Build Finished ****

**** Build of configuration Debug for project Cworking_Memory_Allocator ****

make all 
make: Nie ma nic do zrobienia w `all'.

**** Build Finished ****

**** Build of configuration Debug for project Cworking_Memory_Allocator ****

make all 
make: Nie ma nic do zrobienia w `all'.

**** Build Finished ****

**** Build of configuration Debug for project Cworking_Memory_Allocator ****

make all 
make: Nie ma nic do zrobienia w `all'.

**** Build Finished ****

**** Build of configuration Debug for project Cworking_Memory_Allocator ****

make all 
make: Nie ma nic do zrobienia w `all'.

**** Build Finished ****
